Message[301] D:\PROGRAMS\MPLAB\MPASMX\P16F877A.INC 34 : MESSAGE: (Processor-header file mismatch.  Verify selected processor.)
Warning[205] C:\USERS\ROBER\DESKTOP\PROGRAMOWANIE UNI\SYSTEMY AUTONOMICZNE\PROJEKT_GIT\PROJEKT-STATKI\PROJEKT.X\MAIN.ASM 2 : Found directive in column 1. (__CONFIG)
Message[302] C:\USERS\ROBER\DESKTOP\PROGRAMOWANIE UNI\SYSTEMY AUTONOMICZNE\PROJEKT_GIT\PROJEKT-STATKI\PROJEKT.X\MAIN.ASM 145 : Register in operand not in bank 0.  Ensure that bank bits are correct.
Message[302] C:\USERS\ROBER\DESKTOP\PROGRAMOWANIE UNI\SYSTEMY AUTONOMICZNE\PROJEKT_GIT\PROJEKT-STATKI\PROJEKT.X\MAIN.ASM 148 : Register in operand not in bank 0.  Ensure that bank bits are correct.
Message[302] C:\USERS\ROBER\DESKTOP\PROGRAMOWANIE UNI\SYSTEMY AUTONOMICZNE\PROJEKT_GIT\PROJEKT-STATKI\PROJEKT.X\MAIN.ASM 151 : Register in operand not in bank 0.  Ensure that bank bits are correct.
Message[302] C:\USERS\ROBER\DESKTOP\PROGRAMOWANIE UNI\SYSTEMY AUTONOMICZNE\PROJEKT_GIT\PROJEKT-STATKI\PROJEKT.X\MAIN.ASM 154 : Register in operand not in bank 0.  Ensure that bank bits are correct.
Message[302] C:\USERS\ROBER\DESKTOP\PROGRAMOWANIE UNI\SYSTEMY AUTONOMICZNE\PROJEKT_GIT\PROJEKT-STATKI\PROJEKT.X\MAIN.ASM 157 : Register in operand not in bank 0.  Ensure that bank bits are correct.
Message[305] C:\USERS\ROBER\DESKTOP\PROGRAMOWANIE UNI\SYSTEMY AUTONOMICZNE\PROJEKT_GIT\PROJEKT-STATKI\PROJEKT.X\MAIN.ASM 381 : Using default destination of 1 (file).
Message[305] C:\USERS\ROBER\DESKTOP\PROGRAMOWANIE UNI\SYSTEMY AUTONOMICZNE\PROJEKT_GIT\PROJEKT-STATKI\PROJEKT.X\MAIN.ASM 804 : Using default destination of 1 (file).
Warning[207] C:\USERS\ROBER\DESKTOP\PROGRAMOWANIE UNI\SYSTEMY AUTONOMICZNE\PROJEKT_GIT\PROJEKT-STATKI\PROJEKT.X\MAIN.ASM 810 : Found label after column 1. (CZEKAJ_LCD)
Warning[207] C:\USERS\ROBER\DESKTOP\PROGRAMOWANIE UNI\SYSTEMY AUTONOMICZNE\PROJEKT_GIT\PROJEKT-STATKI\PROJEKT.X\MAIN.ASM 813 : Found label after column 1. (CZEKAJ1_LCD)
Message[305] C:\USERS\ROBER\DESKTOP\PROGRAMOWANIE UNI\SYSTEMY AUTONOMICZNE\PROJEKT_GIT\PROJEKT-STATKI\PROJEKT.X\MAIN.ASM 816 : Using default destination of 1 (file).
Warning[207] C:\USERS\ROBER\DESKTOP\PROGRAMOWANIE UNI\SYSTEMY AUTONOMICZNE\PROJEKT_GIT\PROJEKT-STATKI\PROJEKT.X\MAIN.ASM 819 : Found label after column 1. (CZEKAJ2_LCD)
Message[305] C:\USERS\ROBER\DESKTOP\PROGRAMOWANIE UNI\SYSTEMY AUTONOMICZNE\PROJEKT_GIT\PROJEKT-STATKI\PROJEKT.X\MAIN.ASM 820 : Using default destination of 1 (file).
Warning[207] C:\USERS\ROBER\DESKTOP\PROGRAMOWANIE UNI\SYSTEMY AUTONOMICZNE\PROJEKT_GIT\PROJEKT-STATKI\PROJEKT.X\MAIN.ASM 825 : Found label after column 1. (INIT_LCD)
Warning[207] C:\USERS\ROBER\DESKTOP\PROGRAMOWANIE UNI\SYSTEMY AUTONOMICZNE\PROJEKT_GIT\PROJEKT-STATKI\PROJEKT.X\MAIN.ASM 838 : Found label after column 1. (NEXT_LINE)
Warning[207] C:\USERS\ROBER\DESKTOP\PROGRAMOWANIE UNI\SYSTEMY AUTONOMICZNE\PROJEKT_GIT\PROJEKT-STATKI\PROJEKT.X\MAIN.ASM 846 : Found label after column 1. (WRITE)
Warning[207] C:\USERS\ROBER\DESKTOP\PROGRAMOWANIE UNI\SYSTEMY AUTONOMICZNE\PROJEKT_GIT\PROJEKT-STATKI\PROJEKT.X\MAIN.ASM 851 : Found label after column 1. (ZATWIERDZ)
Warning[207] C:\USERS\ROBER\DESKTOP\PROGRAMOWANIE UNI\SYSTEMY AUTONOMICZNE\PROJEKT_GIT\PROJEKT-STATKI\PROJEKT.X\MAIN.ASM 860 : Found label after column 1. (MAKE_SHIFT)
Warning[207] C:\USERS\ROBER\DESKTOP\PROGRAMOWANIE UNI\SYSTEMY AUTONOMICZNE\PROJEKT_GIT\PROJEKT-STATKI\PROJEKT.X\MAIN.ASM 868 : Found label after column 1. (WRITE_A)
Warning[207] C:\USERS\ROBER\DESKTOP\PROGRAMOWANIE UNI\SYSTEMY AUTONOMICZNE\PROJEKT_GIT\PROJEKT-STATKI\PROJEKT.X\MAIN.ASM 874 : Found label after column 1. (WRITE_B)
Warning[207] C:\USERS\ROBER\DESKTOP\PROGRAMOWANIE UNI\SYSTEMY AUTONOMICZNE\PROJEKT_GIT\PROJEKT-STATKI\PROJEKT.X\MAIN.ASM 880 : Found label after column 1. (WRITE_C)
Warning[207] C:\USERS\ROBER\DESKTOP\PROGRAMOWANIE UNI\SYSTEMY AUTONOMICZNE\PROJEKT_GIT\PROJEKT-STATKI\PROJEKT.X\MAIN.ASM 886 : Found label after column 1. (WRITE_D)
Warning[207] C:\USERS\ROBER\DESKTOP\PROGRAMOWANIE UNI\SYSTEMY AUTONOMICZNE\PROJEKT_GIT\PROJEKT-STATKI\PROJEKT.X\MAIN.ASM 892 : Found label after column 1. (WRITE_E)
Warning[207] C:\USERS\ROBER\DESKTOP\PROGRAMOWANIE UNI\SYSTEMY AUTONOMICZNE\PROJEKT_GIT\PROJEKT-STATKI\PROJEKT.X\MAIN.ASM 898 : Found label after column 1. (WRITE_F)
Warning[207] C:\USERS\ROBER\DESKTOP\PROGRAMOWANIE UNI\SYSTEMY AUTONOMICZNE\PROJEKT_GIT\PROJEKT-STATKI\PROJEKT.X\MAIN.ASM 904 : Found label after column 1. (WRITE_G)
Warning[207] C:\USERS\ROBER\DESKTOP\PROGRAMOWANIE UNI\SYSTEMY AUTONOMICZNE\PROJEKT_GIT\PROJEKT-STATKI\PROJEKT.X\MAIN.ASM 910 : Found label after column 1. (WRITE_H)
Warning[207] C:\USERS\ROBER\DESKTOP\PROGRAMOWANIE UNI\SYSTEMY AUTONOMICZNE\PROJEKT_GIT\PROJEKT-STATKI\PROJEKT.X\MAIN.ASM 916 : Found label after column 1. (WRITE_I)
Warning[207] C:\USERS\ROBER\DESKTOP\PROGRAMOWANIE UNI\SYSTEMY AUTONOMICZNE\PROJEKT_GIT\PROJEKT-STATKI\PROJEKT.X\MAIN.ASM 922 : Found label after column 1. (WRITE_J)
Warning[207] C:\USERS\ROBER\DESKTOP\PROGRAMOWANIE UNI\SYSTEMY AUTONOMICZNE\PROJEKT_GIT\PROJEKT-STATKI\PROJEKT.X\MAIN.ASM 928 : Found label after column 1. (WRITE_K)
Warning[207] C:\USERS\ROBER\DESKTOP\PROGRAMOWANIE UNI\SYSTEMY AUTONOMICZNE\PROJEKT_GIT\PROJEKT-STATKI\PROJEKT.X\MAIN.ASM 934 : Found label after column 1. (WRITE_L)
Warning[207] C:\USERS\ROBER\DESKTOP\PROGRAMOWANIE UNI\SYSTEMY AUTONOMICZNE\PROJEKT_GIT\PROJEKT-STATKI\PROJEKT.X\MAIN.ASM 940 : Found label after column 1. (WRITE_M)
Warning[207] C:\USERS\ROBER\DESKTOP\PROGRAMOWANIE UNI\SYSTEMY AUTONOMICZNE\PROJEKT_GIT\PROJEKT-STATKI\PROJEKT.X\MAIN.ASM 946 : Found label after column 1. (WRITE_N)
Warning[207] C:\USERS\ROBER\DESKTOP\PROGRAMOWANIE UNI\SYSTEMY AUTONOMICZNE\PROJEKT_GIT\PROJEKT-STATKI\PROJEKT.X\MAIN.ASM 952 : Found label after column 1. (WRITE_O)
Warning[207] C:\USERS\ROBER\DESKTOP\PROGRAMOWANIE UNI\SYSTEMY AUTONOMICZNE\PROJEKT_GIT\PROJEKT-STATKI\PROJEKT.X\MAIN.ASM 958 : Found label after column 1. (WRITE_P)
Warning[207] C:\USERS\ROBER\DESKTOP\PROGRAMOWANIE UNI\SYSTEMY AUTONOMICZNE\PROJEKT_GIT\PROJEKT-STATKI\PROJEKT.X\MAIN.ASM 964 : Found label after column 1. (WRITE_R)
Warning[207] C:\USERS\ROBER\DESKTOP\PROGRAMOWANIE UNI\SYSTEMY AUTONOMICZNE\PROJEKT_GIT\PROJEKT-STATKI\PROJEKT.X\MAIN.ASM 970 : Found label after column 1. (WRITE_S)
Warning[207] C:\USERS\ROBER\DESKTOP\PROGRAMOWANIE UNI\SYSTEMY AUTONOMICZNE\PROJEKT_GIT\PROJEKT-STATKI\PROJEKT.X\MAIN.ASM 976 : Found label after column 1. (WRITE_T)
Warning[207] C:\USERS\ROBER\DESKTOP\PROGRAMOWANIE UNI\SYSTEMY AUTONOMICZNE\PROJEKT_GIT\PROJEKT-STATKI\PROJEKT.X\MAIN.ASM 982 : Found label after column 1. (WRITE_U)
Warning[207] C:\USERS\ROBER\DESKTOP\PROGRAMOWANIE UNI\SYSTEMY AUTONOMICZNE\PROJEKT_GIT\PROJEKT-STATKI\PROJEKT.X\MAIN.ASM 988 : Found label after column 1. (WRITE_W)
Warning[207] C:\USERS\ROBER\DESKTOP\PROGRAMOWANIE UNI\SYSTEMY AUTONOMICZNE\PROJEKT_GIT\PROJEKT-STATKI\PROJEKT.X\MAIN.ASM 994 : Found label after column 1. (WRITE_Y)
Warning[207] C:\USERS\ROBER\DESKTOP\PROGRAMOWANIE UNI\SYSTEMY AUTONOMICZNE\PROJEKT_GIT\PROJEKT-STATKI\PROJEKT.X\MAIN.ASM 1000 : Found label after column 1. (WRITE_Z)
Warning[207] C:\USERS\ROBER\DESKTOP\PROGRAMOWANIE UNI\SYSTEMY AUTONOMICZNE\PROJEKT_GIT\PROJEKT-STATKI\PROJEKT.X\MAIN.ASM 1006 : Found label after column 1. (WRITE_ONE)
Warning[207] C:\USERS\ROBER\DESKTOP\PROGRAMOWANIE UNI\SYSTEMY AUTONOMICZNE\PROJEKT_GIT\PROJEKT-STATKI\PROJEKT.X\MAIN.ASM 1012 : Found label after column 1. (WRITE_TWO)
Warning[207] C:\USERS\ROBER\DESKTOP\PROGRAMOWANIE UNI\SYSTEMY AUTONOMICZNE\PROJEKT_GIT\PROJEKT-STATKI\PROJEKT.X\MAIN.ASM 1018 : Found label after column 1. (WRITE_WHITESPACE)
Warning[207] C:\USERS\ROBER\DESKTOP\PROGRAMOWANIE UNI\SYSTEMY AUTONOMICZNE\PROJEKT_GIT\PROJEKT-STATKI\PROJEKT.X\MAIN.ASM 1024 : Found label after column 1. (WRITE_DOT)
Warning[207] C:\USERS\ROBER\DESKTOP\PROGRAMOWANIE UNI\SYSTEMY AUTONOMICZNE\PROJEKT_GIT\PROJEKT-STATKI\PROJEKT.X\MAIN.ASM 1030 : Found label after column 1. (WRITE_EXCLAMATION)
Warning[207] C:\USERS\ROBER\DESKTOP\PROGRAMOWANIE UNI\SYSTEMY AUTONOMICZNE\PROJEKT_GIT\PROJEKT-STATKI\PROJEKT.X\MAIN.ASM 1036 : Found label after column 1. (CLEAR_LCD)
Warning[207] C:\USERS\ROBER\DESKTOP\PROGRAMOWANIE UNI\SYSTEMY AUTONOMICZNE\PROJEKT_GIT\PROJEKT-STATKI\PROJEKT.X\MAIN.ASM 1048 : Found label after column 1. (KOLUMNA)
Warning[207] C:\USERS\ROBER\DESKTOP\PROGRAMOWANIE UNI\SYSTEMY AUTONOMICZNE\PROJEKT_GIT\PROJEKT-STATKI\PROJEKT.X\MAIN.ASM 1071 : Found label after column 1. (WIERSZ)
Warning[207] C:\USERS\ROBER\DESKTOP\PROGRAMOWANIE UNI\SYSTEMY AUTONOMICZNE\PROJEKT_GIT\PROJEKT-STATKI\PROJEKT.X\MAIN.ASM 1093 : Found label after column 1. (TRAFIONY)
Warning[207] C:\USERS\ROBER\DESKTOP\PROGRAMOWANIE UNI\SYSTEMY AUTONOMICZNE\PROJEKT_GIT\PROJEKT-STATKI\PROJEKT.X\MAIN.ASM 1109 : Found label after column 1. (NIETRAFIONY)
Warning[207] C:\USERS\ROBER\DESKTOP\PROGRAMOWANIE UNI\SYSTEMY AUTONOMICZNE\PROJEKT_GIT\PROJEKT-STATKI\PROJEKT.X\MAIN.ASM 1128 : Found label after column 1. (WYGRANA)
Warning[207] C:\USERS\ROBER\DESKTOP\PROGRAMOWANIE UNI\SYSTEMY AUTONOMICZNE\PROJEKT_GIT\PROJEKT-STATKI\PROJEKT.X\MAIN.ASM 1144 : Found label after column 1. (GRACZ_1)
Warning[207] C:\USERS\ROBER\DESKTOP\PROGRAMOWANIE UNI\SYSTEMY AUTONOMICZNE\PROJEKT_GIT\PROJEKT-STATKI\PROJEKT.X\MAIN.ASM 1154 : Found label after column 1. (GRACZ_2)
