MPASM 5.83                          MAIN.ASM   4-11-2024  16:06:46         PAGE  1


LOC  OBJECT CODE     LINE SOURCE TEXT
  VALUE

                      00001 #include <p16f877a.inc>
                      00001         LIST
                      00002 
                      00003 ;==========================================================================
                      00004 ; Build date : Jan 21 2019
                      00005 ;  MPASM PIC16F877A processor include
                      00006 ; 
                      00007 ;  (c) Copyright 1999-2019 Microchip Technology, All rights reserved
                      00008 ;==========================================================================
                      00009 
Message[301]: MESSAGE: (Processor-header file mismatch.  Verify selected processor.)
                      00567         LIST
Warning[205]: Found directive in column 1. (__CONFIG)
2007   3FBB           00002 __CONFIG _FOSC_EXTRC & _WDTE_OFF & _PWRTE_OFF & _BOREN_OFF & _LVP_ON & _CPD_OFF & _WRT_OFF & _CP_OFF
                      00003 RES_VECT CODE 0x0000
0000   2???           00004     goto START
                      00005 MAIN_PROG CODE
                      00006  
0000                  00007 START
                      00008 ;   DANE O GRZE - BOARD STATE ZAPISUJEMY W BANKU 00
0000   1303           00009     bcf STATUS, RP1
0001   1283           00010     bcf STATUS, RP0
                      00011 ;    Reprezentacja board state gracza pierwszego
                      00012 ;    Statki do roz?o?enia:
                      00013 ;    1 statek 4x1
                      00014 ;    2 statki 3x1
                      00015 ;    3 statki 2x1
                      00016 ;    4 statki 1x1
                      00017 ;
                      00018 ;    Pocz?tkowy board state pierwszego gracza:
0002   30F0           00019     movlw   b'11110000'
0003   00A0           00020     movwf   0x20
0004   3007           00021     movlw   b'00000111'
0005   00A1           00022     movwf   0x21
0006   30C0           00023     movlw   b'11000000'
0007   00A2           00024     movwf   0x22
0008   300C           00025     movlw   b'00001100'
0009   00A3           00026     movwf   0x23
000A   30C0           00027     movlw   b'11000000'
000B   00A4           00028     movwf   0x24
000C   300E           00029     movlw   b'00001110'
000D   00A5           00030     movwf   0x25
000E   30A0           00031     movlw   b'10100000'
000F   00A6           00032     movwf   0x26
0010   3050           00033     movlw   b'01010000'
0011   00A7           00034     movwf   0x27
                      00035 ; 
                      00036 ;    Pocz?tkowy board state drugiego gracza:
0012   3050           00037     movlw   b'01010000'
0013   00A8           00038     movwf   0x28
0014   3005           00039     movlw   b'00000101'
0015   00A9           00040     movwf   0x29
0016   3030           00041     movlw   b'00110000'
MPASM 5.83                          MAIN.ASM   4-11-2024  16:06:46         PAGE  2


LOC  OBJECT CODE     LINE SOURCE TEXT
  VALUE

0017   00B0           00042     movwf   0x30
0018   30CC           00043     movlw   b'11001100'
0019   00B1           00044     movwf   0x31
001A   3030           00045     movlw   b'00110000'
001B   00B2           00046     movwf   0x32
001C   3007           00047     movlw   b'00000111'
001D   00B3           00048     movwf   0x33
001E   30E0           00049     movlw   b'11100000'
001F   00B4           00050     movwf   0x34
0020   300F           00051     movlw   b'00001111'
0021   00B5           00052     movwf   0x35
                      00053 ;    
                      00054 ;    Pocz?tkowe strza?y pierwszego gracza:
0022   3001           00055     movlw   b'00000001'
0023   00B6           00056     movwf   0x36
0024   3002           00057     movlw   b'00000010'
0025   00B7           00058     movwf   0x37
0026   3000           00059     movlw   b'00000000'
0027   00B8           00060     movwf   0x38
0028   3000           00061     movlw   b'00000000'
0029   00B9           00062     movwf   0x39
002A   3000           00063     movlw   b'00000000'
002B   00C0           00064     movwf   0x40
002C   3000           00065     movlw   b'00000000'
002D   00C1           00066     movwf   0x41
002E   3000           00067     movlw   b'00000000'
002F   00C2           00068     movwf   0x42
0030   3000           00069     movlw   b'00000000'
0031   00C3           00070     movwf   0x43
                      00071 ;    
                      00072 ;    Pocz?tkowe strza?y drugiego gracza:
0032   3000           00073     movlw   b'00000000'
0033   00C4           00074     movwf   0x44
0034   3000           00075     movlw   b'00000000'
0035   00C5           00076     movwf   0x45
0036   3000           00077     movlw   b'00000000'
0037   00C6           00078     movwf   0x46
0038   3000           00079     movlw   b'00000000'
0039   00C7           00080     movwf   0x47
003A   3000           00081     movlw   b'00000000'
003B   00C8           00082     movwf   0x48
003C   3000           00083     movlw   b'00000000'
003D   00C9           00084     movwf   0x49
003E   3000           00085     movlw   b'00000000'
003F   00D0           00086     movwf   0x50
0040   3000           00087     movlw   b'00000000'
0041   00D1           00088     movwf   0x51
                      00089     
                      00090 ;    DANE ODNO?NIE TURY GRACZA
                      00091 ;    JE?LI 0x2A = 0 gracz 1
                      00092 ;    JE?LI 0x2A = 1 gracz 2
0042   3000           00093     movlw   0x00
0043   00AA           00094     movwf   0x2A
MPASM 5.83                          MAIN.ASM   4-11-2024  16:06:46         PAGE  3


LOC  OBJECT CODE     LINE SOURCE TEXT
  VALUE

                      00095     
                      00096     
0044                  00097 MAIN
                      00098 ;   POCZ?TKOWY SETUP
                      00099 ;   ZMIANA WEJ??/WYJ?? PORTÓW NAST?PUJE W BANKU 01
0044   1303           00100     bcf STATUS, RP1
0045   1683           00101     bsf STATUS, RP0
                      00102     
                      00103 ;   PORTA JAKO WYJ?CIA DO WY?WIETLACZA LED - u?ywam tylko bitów {0,1,2} Do wy?wietlacza mo?e by? potrzeb
                            ne wi?cej ni? 8.
0046   3000           00104     MOVLW   0x00
Message[302]: Register in operand not in bank 0.  Ensure that bank bits are correct.
0047   0085           00105     MOVWF   TRISA
                      00106 ;   PORTB JAKO WEJ?CIA DO KOORDYNATÓW
0048   30FF           00107     MOVLW   0xFF
Message[302]: Register in operand not in bank 0.  Ensure that bank bits are correct.
0049   0086           00108     MOVWF   TRISB
                      00109 ;   PORTC JAKO WEJ?CIA DO KOORDYNATÓW
004A   30FF           00110     MOVLW   0xFF
Message[302]: Register in operand not in bank 0.  Ensure that bank bits are correct.
004B   0087           00111     MOVWF   TRISC
                      00112 ;   PORTD JAKO WYJ?CIA DO WY?WIETLACZA
004C   3000           00113     MOVLW   0x00
Message[302]: Register in operand not in bank 0.  Ensure that bank bits are correct.
004D   0088           00114     MOVWF   TRISD
                      00115     
                      00116 ;   POWRÓT DO BANKU 00
004E   1303           00117     bcf STATUS, RP1
004F   1283           00118     bcf STATUS, RP0
                      00119 
                      00120 ;   TEST DZIA?ANIA WY?WIETLACZA
0050   2???           00121     call CLOCK_TURN_ON
0051   2???           00122     call CLOCK_LIGHT_FIRST_ROW
0052   2???           00123     call DISPLAY_PLAYER_BOARD
                      00124 
                      00125 
0053                  00126 TURY_GRACZY
                      00127 ;    DLA GRACZA 1
                      00128 ;    ||
                      00129 ;    Wy?wietl tura gracza 1 i 
                      00130 ;    Zapyraj o ruch
                      00131 ;    Przyjmij ruch
Warning[203]: Found opcode in column 1. (call)
0053   2???           00132 call PRZYJMIJ_RUCH
Warning[203]: Found opcode in column 1. (call)
0054   2???           00133 call PRZYJMIJ_RUCH
Warning[203]: Found opcode in column 1. (call)
0055   2???           00134 call DISPLAY_PLAYER_BOARD
                      00135 
                      00136     
                      00137 ;    TEST CZY PRZYJMOWANIE RUCHÓW DZIA?A
0056   3000           00138     MOVLW   0x00
0057   0088           00139     MOVWF   PORTD
MPASM 5.83                          MAIN.ASM   4-11-2024  16:06:46         PAGE  4


LOC  OBJECT CODE     LINE SOURCE TEXT
  VALUE

                      00140     
                      00141 ;    sprawd? czy trafi?
                      00142 ;    POWIEDZ NA WY?WIETLACZU CZY TRAFI? 
                      00143 ;    sprawd? czy gra si? sko?czy?a je?li tak wy?wietl i zatrzymaj program
                      00144 ;    
                      00145 ;    DLA GRACZA 2
                      00146 ;    ||
                      00147 ;    Wy?wietl tura gracza 2 i 
                      00148 ;    Zapyraj o ruch
                      00149 ;    Przyjmij ruch
                      00150 ;    sprawd? czy trafi?
                      00151 ;    POWIEDZ NA WY?WIETLACZU CZY TRAFI? 
                      00152 ;    sprawd? czy gra si? sko?czy?a je?li tak wy?wietl i zatrzymaj program
                      00153     
                      00154     
0058   2???           00155     goto TURY_GRACZY
0059   2???           00156     goto MAIN
                      00157 
                      00158 ;   ==============================================================
                      00159 ;   ============================FUNKCJE===========================    
                      00160 ;   ==============================================================
                      00161     
                      00162 ;   ================PRZYJMOWANIE RUCHU GRACZY=====================
Warning[207]: Found label after column 1. (PRZYJMIJ_RUCH)
005A                  00163     PRZYJMIJ_RUCH
                      00164 ;    Wybieranie kolumny
005A   1806           00165     BTFSC   PORTB, 0
005B   1452           00166     BSF     0x52, 0
005C   1886           00167     BTFSC   PORTB, 1
005D   14D2           00168     BSF     0x52, 1
005E   1906           00169     BTFSC   PORTB, 2
005F   1552           00170     BSF     0x52, 2
0060   1986           00171     BTFSC   PORTB, 3
0061   15D2           00172     BSF     0x52, 3
0062   1A06           00173     BTFSC   PORTB, 4
0063   1652           00174     BSF     0x52, 4
0064   1A86           00175     BTFSC   PORTB, 5
0065   16D2           00176     BSF     0x52, 5
0066   1B06           00177     BTFSC   PORTB, 6
0067   1752           00178     BSF     0x52, 6
0068   1B86           00179     BTFSC   PORTB, 7
0069   17D2           00180     BSF     0x52, 7
                      00181 ;    JE?LI CO? ZOSTA?O KLIKNI?TE TO PRZECHODZI DO PRZYJMIJ_RUCH_WIERSZ
                      00182 ;    JE?LI NIE TO CZEKA NA INPUT
006A   0AD2           00183     INCF    0x52, 1
006B   0BD2           00184     DECFSZ  0x52, 1
006C   2???           00185     goto PRZYJMIJ_RUCH_WIERSZ
006D   2???           00186     goto PRZYJMIJ_RUCH
                      00187     
006E                  00188 PRZYJMIJ_RUCH_WIERSZ
                      00189 ;    POMOC W TESTACH DO USUNI?CIA
006E   0852           00190     MOVF    0x52, W
006F   0088           00191     MOVWF   PORTD
MPASM 5.83                          MAIN.ASM   4-11-2024  16:06:46         PAGE  5


LOC  OBJECT CODE     LINE SOURCE TEXT
  VALUE

                      00192 
0070   1807           00193     BTFSC   PORTC, 0
0071   1453           00194     BSF     0x53, 0
0072   1887           00195     BTFSC   PORTC, 1
0073   14D3           00196     BSF     0x53, 1
0074   1907           00197     BTFSC   PORTC, 2
0075   1553           00198     BSF     0x53, 2
0076   1987           00199     BTFSC   PORTC, 3
0077   15D3           00200     BSF     0x53, 3
0078   1A07           00201     BTFSC   PORTC, 4
0079   1653           00202     BSF     0x53, 4
007A   1A87           00203     BTFSC   PORTC, 5
007B   16D3           00204     BSF     0x53, 5
007C   1B07           00205     BTFSC   PORTC, 6
007D   1753           00206     BSF     0x53, 6
007E   1B87           00207     BTFSC   PORTC, 7
007F   17D3           00208     BSF     0x53, 7
                      00209 
                      00210 ;    JE?LI CO? ZOSTA?O KLIKNI?TE TO PRZECHODZI DO ZAPISZ_RUCH_GRACZ_1
                      00211 ;    JE?LI NIE TO CZEKA NA INPUT
0080   0AD3           00212     INCF    0x53, 1
0081   0BD3           00213     DECFSZ  0x53, 1
0082   2???           00214     goto ZAPISZ_RUCH_GRACZY
0083   2???           00215     goto PRZYJMIJ_RUCH_WIERSZ    
                      00216     
0084                  00217 ZAPISZ_RUCH_GRACZY
                      00218 ;    POMOC W TESTACH DO USUNI?CIA
0084   0853           00219     MOVF    0x53, W
0085   0088           00220     MOVWF   PORTD
                      00221     
                      00222 ;    Wybieranie gracza
0086   1C2A           00223     BTFSS   0x2A, 0 ;BIT TEST SKIP IF SET
0087   2???           00224     goto    ZAPIS_RUCHU_GRACZ_1
0088   2???           00225     goto    ZAPIS_RUCHU_GRACZ_2
                      00226     
0089                  00227 ZAPIS_RUCHU_GRACZ_1
                      00228 ;    ODZYSKIWANIE ADRESU KOLUMNY ZE ZMIENNEJ 0x52
0089   1852           00229     BTFSC   0x52, 0
008A   3036           00230     MOVLW   0x36
008B   18D2           00231     BTFSC   0x52, 1
008C   3037           00232     MOVLW   0x37
008D   1952           00233     BTFSC   0x52, 2
008E   3038           00234     MOVLW   0x38
008F   19D2           00235     BTFSC   0x52, 3
0090   3039           00236     MOVLW   0x39
0091   1A52           00237     BTFSC   0x52, 4
0092   3040           00238     MOVLW   0x40
0093   1AD2           00239     BTFSC   0x52, 5
0094   3041           00240     MOVLW   0x41
0095   1B52           00241     BTFSC   0x52, 6
0096   3042           00242     MOVLW   0x42
0097   1BD2           00243     BTFSC   0x52, 7
0098   3043           00244     MOVLW   0x43
MPASM 5.83                          MAIN.ASM   4-11-2024  16:06:46         PAGE  6


LOC  OBJECT CODE     LINE SOURCE TEXT
  VALUE

                      00245     
                      00246 ;    PO?REDNIA ADRESACJA, ZMIANA W MACIERZY STRZA?ÓW
0099   0084           00247     MOVWF   FSR
009A   1383           00248     BCF     STATUS, IRP
009B   0853           00249     MOVF    0x53, W
009C   0080           00250     MOVWF   INDF
                      00251     
                      00252 ;    POMOC W TESTACH DO USUNI?CIA
009D   0836           00253     MOVF    0x36, W
009E   0085           00254     MOVWF   PORTA
                      00255     
                      00256 ;   ZMIANA NA NEXT GRACZA
009F   1C2A           00257     BTFSS   0x2A, 0 ;BIT TEST SKIP IF SET
00A0   142A           00258     BSF     0x2A, 0
00A1   102A           00259     BCF     0x2A, 0
                      00260 
                      00261 ;   CZYSZCZENIE ZAWARTO?CI ADRESÓW
00A2   3000           00262     MOVLW   0x00
00A3   00D2           00263     MOVWF   0x52
00A4   3000           00264     MOVLW   0x00
00A5   00D3           00265     MOVWF   0x53
                      00266   
00A6   0008           00267     return
                      00268 
00A7                  00269 ZAPIS_RUCHU_GRACZ_2
                      00270 ;    ODZYSKIWANIE ADRESU KOLUMNY ZE ZMIENNEJ 0x52
00A7   1852           00271     BTFSC   0x52, 0
00A8   3044           00272     MOVLW   0x44
00A9   18D2           00273     BTFSC   0x52, 1
00AA   3045           00274     MOVLW   0x45
00AB   1952           00275     BTFSC   0x52, 2
00AC   3046           00276     MOVLW   0x46
00AD   19D2           00277     BTFSC   0x52, 3
00AE   3047           00278     MOVLW   0x47
00AF   1A52           00279     BTFSC   0x52, 4
00B0   3048           00280     MOVLW   0x48
00B1   1AD2           00281     BTFSC   0x52, 5
00B2   3049           00282     MOVLW   0x49
00B3   1B52           00283     BTFSC   0x52, 6
00B4   3050           00284     MOVLW   0x50
00B5   1BD2           00285     BTFSC   0x52, 7
00B6   3051           00286     MOVLW   0x51
                      00287     
                      00288     ;    PO?REDNIA ADRESACJA, ZMIANA W MACIERZY STRZA?ÓW
00B7   0084           00289     MOVWF   FSR
00B8   1383           00290     BCF     STATUS, IRP
00B9   0853           00291     MOVF    0x53, W
00BA   0080           00292     MOVWF   INDF
                      00293     
                      00294 ;    POMOC W TESTACH DO USUNI?CIA
00BB   0852           00295     MOVF    0x52, W
00BC   0085           00296     MOVWF   PORTA
                      00297     
MPASM 5.83                          MAIN.ASM   4-11-2024  16:06:46         PAGE  7


LOC  OBJECT CODE     LINE SOURCE TEXT
  VALUE

                      00298 ;   ZMIANA NA NEXT GRACZA
00BD   1C2A           00299     BTFSS   0x2A, 0 ;BIT TEST SKIP IF SET
00BE   142A           00300     BSF     0x2A, 0
00BF   102A           00301     BCF     0x2A, 0
                      00302     
                      00303 ;   CZYSZCZENIE ZAWARTO?CI ADRESÓW
00C0   3000           00304     MOVLW   0x00
00C1   00D2           00305     MOVWF   0x52
00C2   3000           00306     MOVLW   0x00
00C3   00D3           00307     MOVWF   0x53
                      00308     
00C4   0008           00309     return
                      00310     
                      00311     
                      00312     
                      00313 ;   ================ KONTROLA LED MATRIX=======================
                      00314 ;   WYKONUJE PULS ZEGARA MULTIPLEKSERA
00C5                  00315 CLOCK_PULSE
00C5   1505           00316     BSF     PORTA, 2
00C6   1105           00317     BCF     PORTA, 2
00C7   0008           00318     return
                      00319 
                      00320 ;   WYKONUJE PULS PINU LOAD, WYSYLA ZAPISANE BITY DO WY?WIETLACZA
00C8                  00321 LOAD_PULSE
00C8   1485           00322     BSF     PORTA, 1
00C9   1085           00323     BCF     PORTA, 1
00CA   0008           00324     return
                      00325     
                      00326 ; NAJCZARNIEJSZA MAGIA
00CB                  00327 CLOCK_TURN_ON
                      00328 ;   TURN ON LED MATRIX - ADRES
00CB   1005           00329     BCF     PORTA, 0
00CC   2???           00330     call CLOCK_PULSE
00CD   2???           00331     call CLOCK_PULSE
00CE   2???           00332     call CLOCK_PULSE
00CF   2???           00333     call CLOCK_PULSE
00D0   1405           00334     BSF     PORTA, 0
00D1   2???           00335     call CLOCK_PULSE
00D2   2???           00336     call CLOCK_PULSE
00D3   1005           00337     BCF     PORTA, 0
00D4   2???           00338     call CLOCK_PULSE
00D5   2???           00339     call CLOCK_PULSE
                      00340 ;   TURN ON LED MATRIX - DATA
00D6   2???           00341     call CLOCK_PULSE
00D7   2???           00342     call CLOCK_PULSE
00D8   2???           00343     call CLOCK_PULSE
00D9   2???           00344     call CLOCK_PULSE
00DA   2???           00345     call CLOCK_PULSE
00DB   2???           00346     call CLOCK_PULSE
00DC   2???           00347     call CLOCK_PULSE
00DD   1405           00348     BSF     PORTA, 0
00DE   2???           00349     call CLOCK_PULSE
00DF   2???           00350     call LOAD_PULSE
MPASM 5.83                          MAIN.ASM   4-11-2024  16:06:46         PAGE  8


LOC  OBJECT CODE     LINE SOURCE TEXT
  VALUE

00E0   0008           00351     return    
                      00352     
00E1                  00353 CLOCK_LIGHT_FIRST_ROW
                      00354 ;   TURN ON FIRST ROW OF LEDS - ADRES
00E1   1005           00355     BCF     PORTA, 0
00E2   2???           00356     call CLOCK_PULSE
00E3   2???           00357     call CLOCK_PULSE
00E4   2???           00358     call CLOCK_PULSE
00E5   2???           00359     call CLOCK_PULSE
00E6   2???           00360     call CLOCK_PULSE
00E7   2???           00361     call CLOCK_PULSE
00E8   2???           00362     call CLOCK_PULSE
00E9   1405           00363     BSF     PORTA, 0
00EA   2???           00364     call CLOCK_PULSE
                      00365 ;   TURN ON FIRST ROW OF LEDS - DATA
00EB   2???           00366     call CLOCK_PULSE
00EC   2???           00367     call CLOCK_PULSE
00ED   2???           00368     call CLOCK_PULSE
00EE   2???           00369     call CLOCK_PULSE
00EF   2???           00370     call CLOCK_PULSE
00F0   2???           00371     call CLOCK_PULSE
00F1   2???           00372     call CLOCK_PULSE
00F2   2???           00373     call CLOCK_PULSE
00F3   2???           00374     call LOAD_PULSE
00F4   0008           00375     return
                      00376 
00F5                  00377 DISPLAY_PLAYER_BOARD
00F5   3001           00378     MOVLW   0x01
00F6   00AB           00379     MOVWF   0x2B
00F7   0836           00380     MOVF 0x36, W
00F8   00AC           00381     MOVWF   0x2C
00F9   2???           00382     call DISPLAY_ON_MATRIX_ROW_DATA
00FA   3002           00383     MOVLW   0x02
00FB   00AB           00384     MOVWF   0x2B
00FC   0837           00385     MOVF 0x37, W
00FD   00AC           00386     MOVWF   0x2C
00FE   2???           00387     call DISPLAY_ON_MATRIX_ROW_DATA
00FF   3003           00388     MOVLW   0x03
0100   00AB           00389     MOVWF   0x2B
0101   0838           00390     MOVF 0x38, W
0102   00AC           00391     MOVWF   0x2C
0103   2???           00392     call DISPLAY_ON_MATRIX_ROW_DATA
0104   3004           00393     MOVLW   0x04
0105   00AB           00394     MOVWF   0x2B
0106   0839           00395     MOVF 0x39, W
0107   00AC           00396     MOVWF   0x2C
0108   2???           00397     call DISPLAY_ON_MATRIX_ROW_DATA
0109   3005           00398     MOVLW   0x05
010A   00AB           00399     MOVWF   0x2B
010B   0840           00400     MOVF 0x40, W
010C   00AC           00401     MOVWF   0x2C
010D   2???           00402     call DISPLAY_ON_MATRIX_ROW_DATA
010E   3006           00403     MOVLW   0x06
MPASM 5.83                          MAIN.ASM   4-11-2024  16:06:46         PAGE  9


LOC  OBJECT CODE     LINE SOURCE TEXT
  VALUE

010F   00AB           00404     MOVWF   0x2B
0110   0841           00405     MOVF 0x41, W
0111   00AC           00406     MOVWF   0x2C
0112   2???           00407     call DISPLAY_ON_MATRIX_ROW_DATA
0113   3007           00408     MOVLW   0x07
0114   00AB           00409     MOVWF   0x2B
0115   0842           00410     MOVF 0x42, W
0116   00AC           00411     MOVWF   0x2C
0117   2???           00412     call DISPLAY_ON_MATRIX_ROW_DATA
0118   3008           00413     MOVLW   0x08
0119   00AB           00414     MOVWF   0x2B
011A   0843           00415     MOVF 0x43, W
011B   00AC           00416     MOVWF   0x2C
011C   2???           00417     call DISPLAY_ON_MATRIX_ROW_DATA
                      00418     
011D   0008           00419     return
                      00420     
                      00421     
011E                  00422 DISPLAY_ON_MATRIX_ROW_DATA
011E   1005           00423     BCF     PORTA, 0
011F   3008           00424     MOVLW   0x08
0120   00BB           00425     MOVWF   0x3B   
0121                  00426 DISPLAY_ADRESS_LOOP
0121   1BAB           00427     BTFSC   0x2B, 7 ;bit test skip if clear
0122   1405           00428     BSF     PORTA, 0
0123   2???           00429     call    CLOCK_PULSE
0124   1005           00430     BCF     PORTA, 0
0125   1003           00431     BCF     STATUS, C
0126   0DAB           00432     RLF     0x2B, 1
                      00433     
0127   0BBB           00434     DECFSZ  0x3B, 1
0128   2???           00435     goto DISPLAY_ADRESS_LOOP
                      00436 
                      00437     
0129   3008           00438     MOVLW   0x08
012A   00BB           00439     MOVWF   0x3B
012B                  00440 DISPLAY_VALUE_LOOP
012B   1005           00441     BCF     PORTA, 0
012C   1BAC           00442     BTFSC   0x2C, 7 ;bit test skip if clear
012D   1405           00443     BSF     PORTA, 0
012E   2???           00444     call    CLOCK_PULSE
012F   1005           00445     BCF     PORTA, 0
0130   1003           00446     BCF     STATUS, C
0131   0DAC           00447     RLF     0x2C, 1
                      00448     
0132   0BBB           00449     DECFSZ  0x3B, 1
0133   2???           00450     goto DISPLAY_VALUE_LOOP
0134   2???           00451     call LOAD_PULSE
0135   0008           00452     return
                      00453     
                      00454     
3FBB                  00455     end
MPASM 5.83                          MAIN.ASM   4-11-2024  16:06:46         PAGE 10


SYMBOL TABLE
  LABEL                             VALUE 

ACKDT                             00000005
ACKEN                             00000004
ACKSTAT                           00000006
ADCON0                            0000001F
ADCON1                            0000009F
ADCS0                             00000006
ADCS1                             00000007
ADCS2                             00000006
ADDEN                             00000003
ADFM                              00000007
ADIE                              00000006
ADIF                              00000006
ADON                              00000000
ADRESH                            0000001E
ADRESL                            0000009E
BCLIE                             00000003
BCLIF                             00000003
BF                                00000000
BRGH                              00000002
C                                 00000000
C1INV                             00000004
C1OUT                             00000006
C2INV                             00000005
C2OUT                             00000007
CCP1CON                           00000017
CCP1IE                            00000002
CCP1IF                            00000002
CCP1M0                            00000000
CCP1M1                            00000001
CCP1M2                            00000002
CCP1M3                            00000003
CCP1X                             00000005
CCP1Y                             00000004
CCP2CON                           0000001D
CCP2IE                            00000000
CCP2IF                            00000000
CCP2M0                            00000000
CCP2M1                            00000001
CCP2M2                            00000002
CCP2M3                            00000003
CCP2X                             00000005
CCP2Y                             00000004
CCPR1                             00000015
CCPR1H                            00000016
CCPR1L                            00000015
CCPR2                             0000001B
CCPR2H                            0000001C
CCPR2L                            0000001B
CHS0                              00000003
CHS1                              00000004
CHS2                              00000005
CIS                               00000003
CKE                               00000006
MPASM 5.83                          MAIN.ASM   4-11-2024  16:06:46         PAGE 11


SYMBOL TABLE
  LABEL                             VALUE 

CKP                               00000004
CLOCK_LIGHT_FIRST_ROW             000000E1
CLOCK_PULSE                       000000C5
CLOCK_TURN_ON                     000000CB
CM0                               00000000
CM1                               00000001
CM2                               00000002
CMCON                             0000009C
CMIE                              00000006
CMIF                              00000006
CREN                              00000004
CSRC                              00000007
CVR0                              00000000
CVR1                              00000001
CVR2                              00000002
CVR3                              00000003
CVRCON                            0000009D
CVREN                             00000007
CVROE                             00000006
CVRR                              00000005
D                                 00000005
DATA_ADDRESS                      00000005
DC                                00000001
DISPLAY_ADRESS_LOOP               00000121
DISPLAY_ON_MATRIX_ROW_DATA        0000011E
DISPLAY_PLAYER_BOARD              000000F5
DISPLAY_VALUE_LOOP                0000012B
D_A                               00000005
D_NOT_A                           00000005
EEADR                             0000010D
EEADRH                            0000010F
EECON1                            0000018C
EECON2                            0000018D
EEDATA                            0000010C
EEDATH                            0000010E
EEIE                              00000004
EEIF                              00000004
EEPGD                             00000007
F                                 00000001
FERR                              00000002
FSR                               00000004
GCEN                              00000007
GIE                               00000007
GO                                00000002
GO_DONE                           00000002
GO_NOT_DONE                       00000002
I2C_DATA                          00000005
I2C_READ                          00000002
I2C_START                         00000003
I2C_STOP                          00000004
IBF                               00000007
IBOV                              00000005
INDF                              00000000
MPASM 5.83                          MAIN.ASM   4-11-2024  16:06:46         PAGE 12


SYMBOL TABLE
  LABEL                             VALUE 

INTCON                            0000000B
INTE                              00000004
INTEDG                            00000006
INTF                              00000001
IRP                               00000007
LOAD_PULSE                        000000C8
MAIN                              00000044
NOT_A                             00000005
NOT_ADDRESS                       00000005
NOT_BO                            00000000
NOT_BOR                           00000000
NOT_DONE                          00000002
NOT_PD                            00000003
NOT_POR                           00000001
NOT_RBPU                          00000007
NOT_RC8                           00000006
NOT_T1SYNC                        00000002
NOT_TO                            00000004
NOT_TX8                           00000006
NOT_W                             00000002
NOT_WRITE                         00000002
OBF                               00000006
OERR                              00000001
OPTION_REG                        00000081
P                                 00000004
PCFG0                             00000000
PCFG1                             00000001
PCFG2                             00000002
PCFG3                             00000003
PCL                               00000002
PCLATH                            0000000A
PCON                              0000008E
PEIE                              00000006
PEN                               00000002
PIE1                              0000008C
PIE2                              0000008D
PIR1                              0000000C
PIR2                              0000000D
PORTA                             00000005
PORTB                             00000006
PORTC                             00000007
PORTD                             00000008
PORTE                             00000009
PR2                               00000092
PRZYJMIJ_RUCH                     0000005A
PRZYJMIJ_RUCH_WIERSZ              0000006E
PS0                               00000000
PS1                               00000001
PS2                               00000002
PSA                               00000003
PSPIE                             00000007
PSPIF                             00000007
PSPMODE                           00000004
MPASM 5.83                          MAIN.ASM   4-11-2024  16:06:46         PAGE 13


SYMBOL TABLE
  LABEL                             VALUE 

R                                 00000002
RA0                               00000000
RA1                               00000001
RA2                               00000002
RA3                               00000003
RA4                               00000004
RA5                               00000005
RB0                               00000000
RB1                               00000001
RB2                               00000002
RB3                               00000003
RB4                               00000004
RB5                               00000005
RB6                               00000006
RB7                               00000007
RBIE                              00000003
RBIF                              00000000
RC0                               00000000
RC1                               00000001
RC2                               00000002
RC3                               00000003
RC4                               00000004
RC5                               00000005
RC6                               00000006
RC7                               00000007
RC8_9                             00000006
RC9                               00000006
RCD8                              00000000
RCEN                              00000003
RCIE                              00000005
RCIF                              00000005
RCREG                             0000001A
RCSTA                             00000018
RD                                00000000
RD0                               00000000
RD1                               00000001
RD2                               00000002
RD3                               00000003
RD4                               00000004
RD5                               00000005
RD6                               00000006
RD7                               00000007
RE0                               00000000
RE1                               00000001
RE2                               00000002
READ_WRITE                        00000002
RP0                               00000005
RP1                               00000006
RSEN                              00000001
RX9                               00000006
RX9D                              00000000
R_NOT_W                           00000002
R_W                               00000002
MPASM 5.83                          MAIN.ASM   4-11-2024  16:06:46         PAGE 14


SYMBOL TABLE
  LABEL                             VALUE 

S                                 00000003
SEN                               00000000
SMP                               00000007
SPBRG                             00000099
SPEN                              00000007
SREN                              00000005
SSPADD                            00000093
SSPBUF                            00000013
SSPCON                            00000014
SSPCON2                           00000091
SSPEN                             00000005
SSPIE                             00000003
SSPIF                             00000003
SSPM0                             00000000
SSPM1                             00000001
SSPM2                             00000002
SSPM3                             00000003
SSPOV                             00000006
SSPSTAT                           00000094
START                             00000000
STATUS                            00000003
SYNC                              00000004
T0CS                              00000005
T0IE                              00000005
T0IF                              00000002
T0SE                              00000004
T1CKPS0                           00000004
T1CKPS1                           00000005
T1CON                             00000010
T1INSYNC                          00000002
T1OSCEN                           00000003
T1SYNC                            00000002
T2CKPS0                           00000000
T2CKPS1                           00000001
T2CON                             00000012
TMR0                              00000001
TMR0IE                            00000005
TMR0IF                            00000002
TMR1                              0000000E
TMR1CS                            00000001
TMR1H                             0000000F
TMR1IE                            00000000
TMR1IF                            00000000
TMR1L                             0000000E
TMR1ON                            00000000
TMR2                              00000011
TMR2IE                            00000001
TMR2IF                            00000001
TMR2ON                            00000002
TOUTPS0                           00000003
TOUTPS1                           00000004
TOUTPS2                           00000005
TOUTPS3                           00000006
MPASM 5.83                          MAIN.ASM   4-11-2024  16:06:46         PAGE 15


SYMBOL TABLE
  LABEL                             VALUE 

TRISA                             00000085
TRISA0                            00000000
TRISA1                            00000001
TRISA2                            00000002
TRISA3                            00000003
TRISA4                            00000004
TRISA5                            00000005
TRISB                             00000086
TRISB0                            00000000
TRISB1                            00000001
TRISB2                            00000002
TRISB3                            00000003
TRISB4                            00000004
TRISB5                            00000005
TRISB6                            00000006
TRISB7                            00000007
TRISC                             00000087
TRISC0                            00000000
TRISC1                            00000001
TRISC2                            00000002
TRISC3                            00000003
TRISC4                            00000004
TRISC5                            00000005
TRISC6                            00000006
TRISC7                            00000007
TRISD                             00000088
TRISD0                            00000000
TRISD1                            00000001
TRISD2                            00000002
TRISD3                            00000003
TRISD4                            00000004
TRISD5                            00000005
TRISD6                            00000006
TRISD7                            00000007
TRISE                             00000089
TRISE0                            00000000
TRISE1                            00000001
TRISE2                            00000002
TRMT                              00000001
TURY_GRACZY                       00000053
TX8_9                             00000006
TX9                               00000006
TX9D                              00000000
TXD8                              00000000
TXEN                              00000005
TXIE                              00000004
TXIF                              00000004
TXREG                             00000019
TXSTA                             00000098
UA                                00000001
W                                 00000000
WCOL                              00000007
WR                                00000001
MPASM 5.83                          MAIN.ASM   4-11-2024  16:06:46         PAGE 16


SYMBOL TABLE
  LABEL                             VALUE 

WREN                              00000002
WRERR                             00000003
Z                                 00000002
ZAPISZ_RUCH_GRACZY                00000084
ZAPIS_RUCHU_GRACZ_1               00000089
ZAPIS_RUCHU_GRACZ_2               000000A7
_BODEN_OFF                        00003FBF
_BODEN_ON                         00003FFF
_BOREN_OFF                        00003FBF
_BOREN_ON                         00003FFF
_CONFIG                           00002007
_CPD_OFF                          00003FFF
_CPD_ON                           00003EFF
_CP_ALL                           00001FFF
_CP_OFF                           00003FFF
_CP_ON                            00001FFF
_DEBUG_OFF                        00003FFF
_DEBUG_ON                         000037FF
_DEVID1                           00002006
_FOSC_EXTRC                       00003FFF
_FOSC_HS                          00003FFE
_FOSC_LP                          00003FFC
_FOSC_XT                          00003FFD
_HS_OSC                           00003FFE
_IDLOC0                           00002000
_IDLOC1                           00002001
_IDLOC2                           00002002
_IDLOC3                           00002003
_LP_OSC                           00003FFC
_LVP_OFF                          00003F7F
_LVP_ON                           00003FFF
_PWRTE_OFF                        00003FFF
_PWRTE_ON                         00003FF7
_RC_OSC                           00003FFF
_WDTE_OFF                         00003FFB
_WDTE_ON                          00003FFF
_WDT_OFF                          00003FFB
_WDT_ON                           00003FFF
_WRT_1FOURTH                      00003BFF
_WRT_256                          00003DFF
_WRT_HALF                         000039FF
_WRT_OFF                          00003FFF
_XT_OSC                           00003FFD
__16LF877A                        00000001

Errors   :     0
Warnings :     5 reported,     0 suppressed
Messages :     5 reported,     0 suppressed

